<?xml version="1.0" encoding="UTF-8"?>
<testsuite name="com.example.folha.service.TesteAlocacaoService" tests="1" skipped="0" failures="0" errors="0" timestamp="2021-11-24T00:15:18" hostname="thamires-PC" time="0.117">
  <properties/>
  <testcase name="testvalidaQuantidadeHoraAlocada()" classname="com.example.folha.service.TesteAlocacaoService" time="0.117"/>
  <system-out><![CDATA[21:15:16.630 [Test worker] DEBUG org.springframework.test.context.BootstrapUtils - Instantiating CacheAwareContextLoaderDelegate from class [org.springframework.test.context.cache.DefaultCacheAwareContextLoaderDelegate]
21:15:16.660 [Test worker] DEBUG org.springframework.test.context.BootstrapUtils - Instantiating BootstrapContext using constructor [public org.springframework.test.context.support.DefaultBootstrapContext(java.lang.Class,org.springframework.test.context.CacheAwareContextLoaderDelegate)]
21:15:16.721 [Test worker] DEBUG org.springframework.test.context.BootstrapUtils - Instantiating TestContextBootstrapper for test class [com.example.folha.service.TesteAlocacaoService] from class [org.springframework.test.context.support.DefaultTestContextBootstrapper]
21:15:16.764 [Test worker] DEBUG org.springframework.test.context.support.AbstractDelegatingSmartContextLoader - Delegating to AnnotationConfigContextLoader to process context configuration [ContextConfigurationAttributes@6653ccc3 declaringClass = 'com.example.folha.service.TesteAlocacaoService', classes = '{class com.example.folha.service.AlocacoesService}', locations = '{}', inheritLocations = true, initializers = '{}', inheritInitializers = true, name = [null], contextLoaderClass = 'org.springframework.test.context.ContextLoader'].
21:15:16.865 [Test worker] DEBUG org.springframework.test.context.support.ActiveProfilesUtils - Could not find an 'annotation declaring class' for annotation type [org.springframework.test.context.ActiveProfiles] and class [com.example.folha.service.TesteAlocacaoService]
21:15:16.866 [Test worker] DEBUG org.springframework.test.context.support.DefaultTestContextBootstrapper - @TestExecutionListeners is not present for class [com.example.folha.service.TesteAlocacaoService]: using defaults.
21:15:16.867 [Test worker] INFO org.springframework.test.context.support.DefaultTestContextBootstrapper - Loaded default TestExecutionListener class names from location [META-INF/spring.factories]: [org.springframework.security.test.context.support.WithSecurityContextTestExecutionListener, org.springframework.security.test.context.support.ReactorContextTestExecutionListener, org.springframework.boot.test.autoconfigure.restdocs.RestDocsTestExecutionListener, org.springframework.boot.test.autoconfigure.web.client.MockRestServiceServerResetTestExecutionListener, org.springframework.boot.test.autoconfigure.web.servlet.MockMvcPrintOnlyOnFailureTestExecutionListener, org.springframework.boot.test.autoconfigure.web.servlet.WebDriverTestExecutionListener, org.springframework.boot.test.autoconfigure.webservices.client.MockWebServiceServerTestExecutionListener, org.springframework.boot.test.mock.mockito.MockitoTestExecutionListener, org.springframework.boot.test.mock.mockito.ResetMocksTestExecutionListener, org.springframework.test.context.web.ServletTestExecutionListener, org.springframework.test.context.support.DirtiesContextBeforeModesTestExecutionListener, org.springframework.test.context.event.ApplicationEventsTestExecutionListener, org.springframework.test.context.support.DependencyInjectionTestExecutionListener, org.springframework.test.context.support.DirtiesContextTestExecutionListener, org.springframework.test.context.transaction.TransactionalTestExecutionListener, org.springframework.test.context.jdbc.SqlScriptsTestExecutionListener, org.springframework.test.context.event.EventPublishingTestExecutionListener]
21:15:16.904 [Test worker] INFO org.springframework.test.context.support.DefaultTestContextBootstrapper - Using TestExecutionListeners: [org.springframework.test.context.web.ServletTestExecutionListener@78e0dc1e, org.springframework.test.context.support.DirtiesContextBeforeModesTestExecutionListener@57635886, org.springframework.test.context.event.ApplicationEventsTestExecutionListener@1f032749, org.springframework.boot.test.mock.mockito.MockitoTestExecutionListener@597e6176, org.springframework.test.context.support.DependencyInjectionTestExecutionListener@2780466b, org.springframework.test.context.support.DirtiesContextTestExecutionListener@6aea9d75, org.springframework.test.context.transaction.TransactionalTestExecutionListener@6cd5c60e, org.springframework.test.context.jdbc.SqlScriptsTestExecutionListener@460a6f33, org.springframework.security.test.context.support.WithSecurityContextTestExecutionListener@631cda87, org.springframework.test.context.event.EventPublishingTestExecutionListener@5d23e2a4, org.springframework.security.test.context.support.ReactorContextTestExecutionListener@1f04bab8, org.springframework.boot.test.autoconfigure.restdocs.RestDocsTestExecutionListener@ae22d9c, org.springframework.boot.test.autoconfigure.web.client.MockRestServiceServerResetTestExecutionListener@faf06a5, org.springframework.boot.test.autoconfigure.web.servlet.MockMvcPrintOnlyOnFailureTestExecutionListener@4ddbe336, org.springframework.boot.test.autoconfigure.web.servlet.WebDriverTestExecutionListener@77b0514f, org.springframework.boot.test.autoconfigure.webservices.client.MockWebServiceServerTestExecutionListener@6c251ce8, org.springframework.boot.test.mock.mockito.ResetMocksTestExecutionListener@1b48a5e7]
21:15:16.907 [Test worker] DEBUG org.springframework.test.context.support.AbstractDirtiesContextTestExecutionListener - Before test class: context [DefaultTestContext@68032e94 testClass = TesteAlocacaoService, testInstance = [null], testMethod = [null], testException = [null], mergedContextConfiguration = [MergedContextConfiguration@422994b1 testClass = TesteAlocacaoService, locations = '{}', classes = '{class com.example.folha.service.AlocacoesService}', contextInitializerClasses = '[]', activeProfiles = '{}', propertySourceLocations = '{}', propertySourceProperties = '{}', contextCustomizers = set[org.springframework.boot.test.autoconfigure.actuate.metrics.MetricsExportContextCustomizerFactory$DisableMetricExportContextCustomizer@449452b5, org.springframework.boot.test.autoconfigure.properties.PropertyMappingContextCustomizer@0, org.springframework.boot.test.autoconfigure.web.servlet.WebDriverContextCustomizerFactory$Customizer@65e3693e, org.springframework.boot.test.context.filter.ExcludeFilterContextCustomizer@71339b42, org.springframework.boot.test.json.DuplicateJsonObjectContextCustomizerFactory$DuplicateJsonObjectContextCustomizer@1ab4ba4c, org.springframework.boot.test.mock.mockito.MockitoContextCustomizer@eb34a6b8], contextLoader = 'org.springframework.test.context.support.DelegatingSmartContextLoader', parent = [null]], attributes = map[[empty]]], class annotated with @DirtiesContext [false] with mode [null].
21:15:16.929 [Test worker] DEBUG org.springframework.test.context.support.AbstractDelegatingSmartContextLoader - Delegating to AnnotationConfigContextLoader to load context from [MergedContextConfiguration@422994b1 testClass = TesteAlocacaoService, locations = '{}', classes = '{class com.example.folha.service.AlocacoesService}', contextInitializerClasses = '[]', activeProfiles = '{}', propertySourceLocations = '{}', propertySourceProperties = '{}', contextCustomizers = set[org.springframework.boot.test.autoconfigure.actuate.metrics.MetricsExportContextCustomizerFactory$DisableMetricExportContextCustomizer@449452b5, org.springframework.boot.test.autoconfigure.properties.PropertyMappingContextCustomizer@0, org.springframework.boot.test.autoconfigure.web.servlet.WebDriverContextCustomizerFactory$Customizer@65e3693e, org.springframework.boot.test.context.filter.ExcludeFilterContextCustomizer@71339b42, org.springframework.boot.test.json.DuplicateJsonObjectContextCustomizerFactory$DuplicateJsonObjectContextCustomizer@1ab4ba4c, org.springframework.boot.test.mock.mockito.MockitoContextCustomizer@eb34a6b8], contextLoader = 'org.springframework.test.context.support.DelegatingSmartContextLoader', parent = [null]].
21:15:16.930 [Test worker] DEBUG org.springframework.test.context.support.AbstractGenericContextLoader - Loading ApplicationContext for merged context configuration [[MergedContextConfiguration@422994b1 testClass = TesteAlocacaoService, locations = '{}', classes = '{class com.example.folha.service.AlocacoesService}', contextInitializerClasses = '[]', activeProfiles = '{}', propertySourceLocations = '{}', propertySourceProperties = '{}', contextCustomizers = set[org.springframework.boot.test.autoconfigure.actuate.metrics.MetricsExportContextCustomizerFactory$DisableMetricExportContextCustomizer@449452b5, org.springframework.boot.test.autoconfigure.properties.PropertyMappingContextCustomizer@0, org.springframework.boot.test.autoconfigure.web.servlet.WebDriverContextCustomizerFactory$Customizer@65e3693e, org.springframework.boot.test.context.filter.ExcludeFilterContextCustomizer@71339b42, org.springframework.boot.test.json.DuplicateJsonObjectContextCustomizerFactory$DuplicateJsonObjectContextCustomizer@1ab4ba4c, org.springframework.boot.test.mock.mockito.MockitoContextCustomizer@eb34a6b8], contextLoader = 'org.springframework.test.context.support.DelegatingSmartContextLoader', parent = [null]]].
21:15:17.015 [Test worker] DEBUG org.springframework.core.env.StandardEnvironment - Activating profiles []
21:15:17.016 [Test worker] DEBUG org.springframework.test.context.support.AnnotationConfigContextLoader - Registering component classes: {class com.example.folha.service.AlocacoesService}
21:15:17.096 [Test worker] DEBUG org.springframework.context.support.GenericApplicationContext - Refreshing org.springframework.context.support.GenericApplicationContext@5665aff0
21:15:17.120 [Test worker] DEBUG org.springframework.beans.factory.support.DefaultListableBeanFactory - Creating shared instance of singleton bean 'org.springframework.context.annotation.internalConfigurationAnnotationProcessor'
21:15:17.198 [Test worker] DEBUG org.springframework.beans.factory.support.DefaultListableBeanFactory - Creating shared instance of singleton bean 'org.springframework.boot.test.mock.mockito.MockitoPostProcessor'
21:15:17.997 [Test worker] DEBUG org.springframework.beans.factory.support.DefaultListableBeanFactory - Creating shared instance of singleton bean 'org.springframework.context.event.internalEventListenerProcessor'
21:15:18.000 [Test worker] DEBUG org.springframework.beans.factory.support.DefaultListableBeanFactory - Creating shared instance of singleton bean 'org.springframework.context.event.internalEventListenerFactory'
21:15:18.002 [Test worker] DEBUG org.springframework.beans.factory.support.DefaultListableBeanFactory - Creating shared instance of singleton bean 'org.springframework.context.annotation.internalAutowiredAnnotationProcessor'
21:15:18.005 [Test worker] DEBUG org.springframework.beans.factory.support.DefaultListableBeanFactory - Creating shared instance of singleton bean 'org.springframework.context.annotation.internalCommonAnnotationProcessor'
21:15:18.014 [Test worker] DEBUG org.springframework.beans.factory.support.DefaultListableBeanFactory - Creating shared instance of singleton bean 'org.springframework.context.annotation.internalPersistenceAnnotationProcessor'
21:15:18.015 [Test worker] DEBUG org.springframework.beans.factory.support.DefaultListableBeanFactory - Creating shared instance of singleton bean 'org.springframework.boot.test.mock.mockito.MockitoPostProcessor$SpyPostProcessor'
21:15:18.038 [Test worker] DEBUG org.springframework.beans.factory.support.DefaultListableBeanFactory - Creating shared instance of singleton bean 'alocacoesService'
21:15:18.042 [Test worker] DEBUG org.springframework.beans.factory.support.DefaultListableBeanFactory - Autowiring by type from bean name 'alocacoesService' via constructor to bean named 'com.example.folha.repository.BatidasRepository#0'
21:15:18.042 [Test worker] DEBUG org.springframework.beans.factory.support.DefaultListableBeanFactory - Autowiring by type from bean name 'alocacoesService' via constructor to bean named 'com.example.folha.repository.AlocacoesRepository#0'
21:15:18.087 [Test worker] DEBUG org.springframework.test.context.cache.DefaultCacheAwareContextLoaderDelegate - Storing ApplicationContext [1449504752] in cache under key [[MergedContextConfiguration@422994b1 testClass = TesteAlocacaoService, locations = '{}', classes = '{class com.example.folha.service.AlocacoesService}', contextInitializerClasses = '[]', activeProfiles = '{}', propertySourceLocations = '{}', propertySourceProperties = '{}', contextCustomizers = set[org.springframework.boot.test.autoconfigure.actuate.metrics.MetricsExportContextCustomizerFactory$DisableMetricExportContextCustomizer@449452b5, org.springframework.boot.test.autoconfigure.properties.PropertyMappingContextCustomizer@0, org.springframework.boot.test.autoconfigure.web.servlet.WebDriverContextCustomizerFactory$Customizer@65e3693e, org.springframework.boot.test.context.filter.ExcludeFilterContextCustomizer@71339b42, org.springframework.boot.test.json.DuplicateJsonObjectContextCustomizerFactory$DuplicateJsonObjectContextCustomizer@1ab4ba4c, org.springframework.boot.test.mock.mockito.MockitoContextCustomizer@eb34a6b8], contextLoader = 'org.springframework.test.context.support.DelegatingSmartContextLoader', parent = [null]]]
21:15:18.088 [Test worker] DEBUG org.springframework.test.context.cache - Spring test ApplicationContext cache statistics: [DefaultContextCache@2f86b823 size = 1, maxSize = 32, parentContextCount = 0, hitCount = 0, missCount = 1]
21:15:18.091 [Test worker] DEBUG org.springframework.test.context.support.DependencyInjectionTestExecutionListener - Performing dependency injection for test context [[DefaultTestContext@68032e94 testClass = TesteAlocacaoService, testInstance = com.example.folha.service.TesteAlocacaoService@6fe8fcfd, testMethod = [null], testException = [null], mergedContextConfiguration = [MergedContextConfiguration@422994b1 testClass = TesteAlocacaoService, locations = '{}', classes = '{class com.example.folha.service.AlocacoesService}', contextInitializerClasses = '[]', activeProfiles = '{}', propertySourceLocations = '{}', propertySourceProperties = '{}', contextCustomizers = set[org.springframework.boot.test.autoconfigure.actuate.metrics.MetricsExportContextCustomizerFactory$DisableMetricExportContextCustomizer@449452b5, org.springframework.boot.test.autoconfigure.properties.PropertyMappingContextCustomizer@0, org.springframework.boot.test.autoconfigure.web.servlet.WebDriverContextCustomizerFactory$Customizer@65e3693e, org.springframework.boot.test.context.filter.ExcludeFilterContextCustomizer@71339b42, org.springframework.boot.test.json.DuplicateJsonObjectContextCustomizerFactory$DuplicateJsonObjectContextCustomizer@1ab4ba4c, org.springframework.boot.test.mock.mockito.MockitoContextCustomizer@eb34a6b8], contextLoader = 'org.springframework.test.context.support.DelegatingSmartContextLoader', parent = [null]], attributes = map['org.springframework.test.context.event.ApplicationEventsTestExecutionListener.recordApplicationEvents' -> false]]].
21:15:18.092 [Test worker] DEBUG org.springframework.test.context.cache.DefaultCacheAwareContextLoaderDelegate - Retrieved ApplicationContext [1449504752] from cache with key [[MergedContextConfiguration@422994b1 testClass = TesteAlocacaoService, locations = '{}', classes = '{class com.example.folha.service.AlocacoesService}', contextInitializerClasses = '[]', activeProfiles = '{}', propertySourceLocations = '{}', propertySourceProperties = '{}', contextCustomizers = set[org.springframework.boot.test.autoconfigure.actuate.metrics.MetricsExportContextCustomizerFactory$DisableMetricExportContextCustomizer@449452b5, org.springframework.boot.test.autoconfigure.properties.PropertyMappingContextCustomizer@0, org.springframework.boot.test.autoconfigure.web.servlet.WebDriverContextCustomizerFactory$Customizer@65e3693e, org.springframework.boot.test.context.filter.ExcludeFilterContextCustomizer@71339b42, org.springframework.boot.test.json.DuplicateJsonObjectContextCustomizerFactory$DuplicateJsonObjectContextCustomizer@1ab4ba4c, org.springframework.boot.test.mock.mockito.MockitoContextCustomizer@eb34a6b8], contextLoader = 'org.springframework.test.context.support.DelegatingSmartContextLoader', parent = [null]]]
21:15:18.092 [Test worker] DEBUG org.springframework.test.context.cache - Spring test ApplicationContext cache statistics: [DefaultContextCache@2f86b823 size = 1, maxSize = 32, parentContextCount = 0, hitCount = 1, missCount = 1]
21:15:18.103 [Test worker] DEBUG org.springframework.test.context.cache.DefaultCacheAwareContextLoaderDelegate - Retrieved ApplicationContext [1449504752] from cache with key [[MergedContextConfiguration@422994b1 testClass = TesteAlocacaoService, locations = '{}', classes = '{class com.example.folha.service.AlocacoesService}', contextInitializerClasses = '[]', activeProfiles = '{}', propertySourceLocations = '{}', propertySourceProperties = '{}', contextCustomizers = set[org.springframework.boot.test.autoconfigure.actuate.metrics.MetricsExportContextCustomizerFactory$DisableMetricExportContextCustomizer@449452b5, org.springframework.boot.test.autoconfigure.properties.PropertyMappingContextCustomizer@0, org.springframework.boot.test.autoconfigure.web.servlet.WebDriverContextCustomizerFactory$Customizer@65e3693e, org.springframework.boot.test.context.filter.ExcludeFilterContextCustomizer@71339b42, org.springframework.boot.test.json.DuplicateJsonObjectContextCustomizerFactory$DuplicateJsonObjectContextCustomizer@1ab4ba4c, org.springframework.boot.test.mock.mockito.MockitoContextCustomizer@eb34a6b8], contextLoader = 'org.springframework.test.context.support.DelegatingSmartContextLoader', parent = [null]]]
21:15:18.103 [Test worker] DEBUG org.springframework.test.context.cache - Spring test ApplicationContext cache statistics: [DefaultContextCache@2f86b823 size = 1, maxSize = 32, parentContextCount = 0, hitCount = 2, missCount = 1]
21:15:18.111 [Test worker] DEBUG org.springframework.test.context.support.AbstractDirtiesContextTestExecutionListener - Before test method: context [DefaultTestContext@68032e94 testClass = TesteAlocacaoService, testInstance = com.example.folha.service.TesteAlocacaoService@6fe8fcfd, testMethod = testvalidaQuantidadeHoraAlocada@TesteAlocacaoService, testException = [null], mergedContextConfiguration = [MergedContextConfiguration@422994b1 testClass = TesteAlocacaoService, locations = '{}', classes = '{class com.example.folha.service.AlocacoesService}', contextInitializerClasses = '[]', activeProfiles = '{}', propertySourceLocations = '{}', propertySourceProperties = '{}', contextCustomizers = set[org.springframework.boot.test.autoconfigure.actuate.metrics.MetricsExportContextCustomizerFactory$DisableMetricExportContextCustomizer@449452b5, org.springframework.boot.test.autoconfigure.properties.PropertyMappingContextCustomizer@0, org.springframework.boot.test.autoconfigure.web.servlet.WebDriverContextCustomizerFactory$Customizer@65e3693e, org.springframework.boot.test.context.filter.ExcludeFilterContextCustomizer@71339b42, org.springframework.boot.test.json.DuplicateJsonObjectContextCustomizerFactory$DuplicateJsonObjectContextCustomizer@1ab4ba4c, org.springframework.boot.test.mock.mockito.MockitoContextCustomizer@eb34a6b8], contextLoader = 'org.springframework.test.context.support.DelegatingSmartContextLoader', parent = [null]], attributes = map['org.springframework.test.context.event.ApplicationEventsTestExecutionListener.recordApplicationEvents' -> false]], class annotated with @DirtiesContext [false] with mode [null], method annotated with @DirtiesContext [false] with mode [null].
21:15:18.126 [Test worker] DEBUG org.springframework.test.context.cache.DefaultCacheAwareContextLoaderDelegate - Retrieved ApplicationContext [1449504752] from cache with key [[MergedContextConfiguration@422994b1 testClass = TesteAlocacaoService, locations = '{}', classes = '{class com.example.folha.service.AlocacoesService}', contextInitializerClasses = '[]', activeProfiles = '{}', propertySourceLocations = '{}', propertySourceProperties = '{}', contextCustomizers = set[org.springframework.boot.test.autoconfigure.actuate.metrics.MetricsExportContextCustomizerFactory$DisableMetricExportContextCustomizer@449452b5, org.springframework.boot.test.autoconfigure.properties.PropertyMappingContextCustomizer@0, org.springframework.boot.test.autoconfigure.web.servlet.WebDriverContextCustomizerFactory$Customizer@65e3693e, org.springframework.boot.test.context.filter.ExcludeFilterContextCustomizer@71339b42, org.springframework.boot.test.json.DuplicateJsonObjectContextCustomizerFactory$DuplicateJsonObjectContextCustomizer@1ab4ba4c, org.springframework.boot.test.mock.mockito.MockitoContextCustomizer@eb34a6b8], contextLoader = 'org.springframework.test.context.support.DelegatingSmartContextLoader', parent = [null]]]
21:15:18.126 [Test worker] DEBUG org.springframework.test.context.cache - Spring test ApplicationContext cache statistics: [DefaultContextCache@2f86b823 size = 1, maxSize = 32, parentContextCount = 0, hitCount = 3, missCount = 1]
21:15:18.127 [Test worker] DEBUG org.springframework.test.context.cache.DefaultCacheAwareContextLoaderDelegate - Retrieved ApplicationContext [1449504752] from cache with key [[MergedContextConfiguration@422994b1 testClass = TesteAlocacaoService, locations = '{}', classes = '{class com.example.folha.service.AlocacoesService}', contextInitializerClasses = '[]', activeProfiles = '{}', propertySourceLocations = '{}', propertySourceProperties = '{}', contextCustomizers = set[org.springframework.boot.test.autoconfigure.actuate.metrics.MetricsExportContextCustomizerFactory$DisableMetricExportContextCustomizer@449452b5, org.springframework.boot.test.autoconfigure.properties.PropertyMappingContextCustomizer@0, org.springframework.boot.test.autoconfigure.web.servlet.WebDriverContextCustomizerFactory$Customizer@65e3693e, org.springframework.boot.test.context.filter.ExcludeFilterContextCustomizer@71339b42, org.springframework.boot.test.json.DuplicateJsonObjectContextCustomizerFactory$DuplicateJsonObjectContextCustomizer@1ab4ba4c, org.springframework.boot.test.mock.mockito.MockitoContextCustomizer@eb34a6b8], contextLoader = 'org.springframework.test.context.support.DelegatingSmartContextLoader', parent = [null]]]
21:15:18.128 [Test worker] DEBUG org.springframework.test.context.cache - Spring test ApplicationContext cache statistics: [DefaultContextCache@2f86b823 size = 1, maxSize = 32, parentContextCount = 0, hitCount = 4, missCount = 1]
21:15:18.133 [Test worker] DEBUG org.springframework.test.context.cache.DefaultCacheAwareContextLoaderDelegate - Retrieved ApplicationContext [1449504752] from cache with key [[MergedContextConfiguration@422994b1 testClass = TesteAlocacaoService, locations = '{}', classes = '{class com.example.folha.service.AlocacoesService}', contextInitializerClasses = '[]', activeProfiles = '{}', propertySourceLocations = '{}', propertySourceProperties = '{}', contextCustomizers = set[org.springframework.boot.test.autoconfigure.actuate.metrics.MetricsExportContextCustomizerFactory$DisableMetricExportContextCustomizer@449452b5, org.springframework.boot.test.autoconfigure.properties.PropertyMappingContextCustomizer@0, org.springframework.boot.test.autoconfigure.web.servlet.WebDriverContextCustomizerFactory$Customizer@65e3693e, org.springframework.boot.test.context.filter.ExcludeFilterContextCustomizer@71339b42, org.springframework.boot.test.json.DuplicateJsonObjectContextCustomizerFactory$DuplicateJsonObjectContextCustomizer@1ab4ba4c, org.springframework.boot.test.mock.mockito.MockitoContextCustomizer@eb34a6b8], contextLoader = 'org.springframework.test.context.support.DelegatingSmartContextLoader', parent = [null]]]
21:15:18.133 [Test worker] DEBUG org.springframework.test.context.cache - Spring test ApplicationContext cache statistics: [DefaultContextCache@2f86b823 size = 1, maxSize = 32, parentContextCount = 0, hitCount = 5, missCount = 1]
21:15:18.198 [Test worker] DEBUG org.springframework.test.context.cache.DefaultCacheAwareContextLoaderDelegate - Retrieved ApplicationContext [1449504752] from cache with key [[MergedContextConfiguration@422994b1 testClass = TesteAlocacaoService, locations = '{}', classes = '{class com.example.folha.service.AlocacoesService}', contextInitializerClasses = '[]', activeProfiles = '{}', propertySourceLocations = '{}', propertySourceProperties = '{}', contextCustomizers = set[org.springframework.boot.test.autoconfigure.actuate.metrics.MetricsExportContextCustomizerFactory$DisableMetricExportContextCustomizer@449452b5, org.springframework.boot.test.autoconfigure.properties.PropertyMappingContextCustomizer@0, org.springframework.boot.test.autoconfigure.web.servlet.WebDriverContextCustomizerFactory$Customizer@65e3693e, org.springframework.boot.test.context.filter.ExcludeFilterContextCustomizer@71339b42, org.springframework.boot.test.json.DuplicateJsonObjectContextCustomizerFactory$DuplicateJsonObjectContextCustomizer@1ab4ba4c, org.springframework.boot.test.mock.mockito.MockitoContextCustomizer@eb34a6b8], contextLoader = 'org.springframework.test.context.support.DelegatingSmartContextLoader', parent = [null]]]
21:15:18.198 [Test worker] DEBUG org.springframework.test.context.cache - Spring test ApplicationContext cache statistics: [DefaultContextCache@2f86b823 size = 1, maxSize = 32, parentContextCount = 0, hitCount = 6, missCount = 1]
21:15:18.200 [Test worker] DEBUG org.springframework.test.context.cache.DefaultCacheAwareContextLoaderDelegate - Retrieved ApplicationContext [1449504752] from cache with key [[MergedContextConfiguration@422994b1 testClass = TesteAlocacaoService, locations = '{}', classes = '{class com.example.folha.service.AlocacoesService}', contextInitializerClasses = '[]', activeProfiles = '{}', propertySourceLocations = '{}', propertySourceProperties = '{}', contextCustomizers = set[org.springframework.boot.test.autoconfigure.actuate.metrics.MetricsExportContextCustomizerFactory$DisableMetricExportContextCustomizer@449452b5, org.springframework.boot.test.autoconfigure.properties.PropertyMappingContextCustomizer@0, org.springframework.boot.test.autoconfigure.web.servlet.WebDriverContextCustomizerFactory$Customizer@65e3693e, org.springframework.boot.test.context.filter.ExcludeFilterContextCustomizer@71339b42, org.springframework.boot.test.json.DuplicateJsonObjectContextCustomizerFactory$DuplicateJsonObjectContextCustomizer@1ab4ba4c, org.springframework.boot.test.mock.mockito.MockitoContextCustomizer@eb34a6b8], contextLoader = 'org.springframework.test.context.support.DelegatingSmartContextLoader', parent = [null]]]
21:15:18.200 [Test worker] DEBUG org.springframework.test.context.cache - Spring test ApplicationContext cache statistics: [DefaultContextCache@2f86b823 size = 1, maxSize = 32, parentContextCount = 0, hitCount = 7, missCount = 1]
21:15:18.202 [Test worker] DEBUG org.springframework.test.context.cache.DefaultCacheAwareContextLoaderDelegate - Retrieved ApplicationContext [1449504752] from cache with key [[MergedContextConfiguration@422994b1 testClass = TesteAlocacaoService, locations = '{}', classes = '{class com.example.folha.service.AlocacoesService}', contextInitializerClasses = '[]', activeProfiles = '{}', propertySourceLocations = '{}', propertySourceProperties = '{}', contextCustomizers = set[org.springframework.boot.test.autoconfigure.actuate.metrics.MetricsExportContextCustomizerFactory$DisableMetricExportContextCustomizer@449452b5, org.springframework.boot.test.autoconfigure.properties.PropertyMappingContextCustomizer@0, org.springframework.boot.test.autoconfigure.web.servlet.WebDriverContextCustomizerFactory$Customizer@65e3693e, org.springframework.boot.test.context.filter.ExcludeFilterContextCustomizer@71339b42, org.springframework.boot.test.json.DuplicateJsonObjectContextCustomizerFactory$DuplicateJsonObjectContextCustomizer@1ab4ba4c, org.springframework.boot.test.mock.mockito.MockitoContextCustomizer@eb34a6b8], contextLoader = 'org.springframework.test.context.support.DelegatingSmartContextLoader', parent = [null]]]
21:15:18.202 [Test worker] DEBUG org.springframework.test.context.cache - Spring test ApplicationContext cache statistics: [DefaultContextCache@2f86b823 size = 1, maxSize = 32, parentContextCount = 0, hitCount = 8, missCount = 1]
21:15:18.203 [Test worker] DEBUG org.springframework.test.context.cache.DefaultCacheAwareContextLoaderDelegate - Retrieved ApplicationContext [1449504752] from cache with key [[MergedContextConfiguration@422994b1 testClass = TesteAlocacaoService, locations = '{}', classes = '{class com.example.folha.service.AlocacoesService}', contextInitializerClasses = '[]', activeProfiles = '{}', propertySourceLocations = '{}', propertySourceProperties = '{}', contextCustomizers = set[org.springframework.boot.test.autoconfigure.actuate.metrics.MetricsExportContextCustomizerFactory$DisableMetricExportContextCustomizer@449452b5, org.springframework.boot.test.autoconfigure.properties.PropertyMappingContextCustomizer@0, org.springframework.boot.test.autoconfigure.web.servlet.WebDriverContextCustomizerFactory$Customizer@65e3693e, org.springframework.boot.test.context.filter.ExcludeFilterContextCustomizer@71339b42, org.springframework.boot.test.json.DuplicateJsonObjectContextCustomizerFactory$DuplicateJsonObjectContextCustomizer@1ab4ba4c, org.springframework.boot.test.mock.mockito.MockitoContextCustomizer@eb34a6b8], contextLoader = 'org.springframework.test.context.support.DelegatingSmartContextLoader', parent = [null]]]
21:15:18.203 [Test worker] DEBUG org.springframework.test.context.cache - Spring test ApplicationContext cache statistics: [DefaultContextCache@2f86b823 size = 1, maxSize = 32, parentContextCount = 0, hitCount = 9, missCount = 1]
21:15:18.207 [Test worker] DEBUG org.springframework.test.context.cache.DefaultCacheAwareContextLoaderDelegate - Retrieved ApplicationContext [1449504752] from cache with key [[MergedContextConfiguration@422994b1 testClass = TesteAlocacaoService, locations = '{}', classes = '{class com.example.folha.service.AlocacoesService}', contextInitializerClasses = '[]', activeProfiles = '{}', propertySourceLocations = '{}', propertySourceProperties = '{}', contextCustomizers = set[org.springframework.boot.test.autoconfigure.actuate.metrics.MetricsExportContextCustomizerFactory$DisableMetricExportContextCustomizer@449452b5, org.springframework.boot.test.autoconfigure.properties.PropertyMappingContextCustomizer@0, org.springframework.boot.test.autoconfigure.web.servlet.WebDriverContextCustomizerFactory$Customizer@65e3693e, org.springframework.boot.test.context.filter.ExcludeFilterContextCustomizer@71339b42, org.springframework.boot.test.json.DuplicateJsonObjectContextCustomizerFactory$DuplicateJsonObjectContextCustomizer@1ab4ba4c, org.springframework.boot.test.mock.mockito.MockitoContextCustomizer@eb34a6b8], contextLoader = 'org.springframework.test.context.support.DelegatingSmartContextLoader', parent = [null]]]
21:15:18.207 [Test worker] DEBUG org.springframework.test.context.cache - Spring test ApplicationContext cache statistics: [DefaultContextCache@2f86b823 size = 1, maxSize = 32, parentContextCount = 0, hitCount = 10, missCount = 1]
21:15:18.212 [Test worker] DEBUG org.springframework.test.context.cache.DefaultCacheAwareContextLoaderDelegate - Retrieved ApplicationContext [1449504752] from cache with key [[MergedContextConfiguration@422994b1 testClass = TesteAlocacaoService, locations = '{}', classes = '{class com.example.folha.service.AlocacoesService}', contextInitializerClasses = '[]', activeProfiles = '{}', propertySourceLocations = '{}', propertySourceProperties = '{}', contextCustomizers = set[org.springframework.boot.test.autoconfigure.actuate.metrics.MetricsExportContextCustomizerFactory$DisableMetricExportContextCustomizer@449452b5, org.springframework.boot.test.autoconfigure.properties.PropertyMappingContextCustomizer@0, org.springframework.boot.test.autoconfigure.web.servlet.WebDriverContextCustomizerFactory$Customizer@65e3693e, org.springframework.boot.test.context.filter.ExcludeFilterContextCustomizer@71339b42, org.springframework.boot.test.json.DuplicateJsonObjectContextCustomizerFactory$DuplicateJsonObjectContextCustomizer@1ab4ba4c, org.springframework.boot.test.mock.mockito.MockitoContextCustomizer@eb34a6b8], contextLoader = 'org.springframework.test.context.support.DelegatingSmartContextLoader', parent = [null]]]
21:15:18.212 [Test worker] DEBUG org.springframework.test.context.cache - Spring test ApplicationContext cache statistics: [DefaultContextCache@2f86b823 size = 1, maxSize = 32, parentContextCount = 0, hitCount = 11, missCount = 1]
21:15:18.216 [Test worker] DEBUG org.springframework.test.context.support.AbstractDirtiesContextTestExecutionListener - After test method: context [DefaultTestContext@68032e94 testClass = TesteAlocacaoService, testInstance = com.example.folha.service.TesteAlocacaoService@6fe8fcfd, testMethod = testvalidaQuantidadeHoraAlocada@TesteAlocacaoService, testException = [null], mergedContextConfiguration = [MergedContextConfiguration@422994b1 testClass = TesteAlocacaoService, locations = '{}', classes = '{class com.example.folha.service.AlocacoesService}', contextInitializerClasses = '[]', activeProfiles = '{}', propertySourceLocations = '{}', propertySourceProperties = '{}', contextCustomizers = set[org.springframework.boot.test.autoconfigure.actuate.metrics.MetricsExportContextCustomizerFactory$DisableMetricExportContextCustomizer@449452b5, org.springframework.boot.test.autoconfigure.properties.PropertyMappingContextCustomizer@0, org.springframework.boot.test.autoconfigure.web.servlet.WebDriverContextCustomizerFactory$Customizer@65e3693e, org.springframework.boot.test.context.filter.ExcludeFilterContextCustomizer@71339b42, org.springframework.boot.test.json.DuplicateJsonObjectContextCustomizerFactory$DuplicateJsonObjectContextCustomizer@1ab4ba4c, org.springframework.boot.test.mock.mockito.MockitoContextCustomizer@eb34a6b8], contextLoader = 'org.springframework.test.context.support.DelegatingSmartContextLoader', parent = [null]], attributes = map['org.springframework.test.context.event.ApplicationEventsTestExecutionListener.recordApplicationEvents' -> false]], class annotated with @DirtiesContext [false] with mode [null], method annotated with @DirtiesContext [false] with mode [null].
21:15:18.225 [Test worker] DEBUG org.springframework.test.context.cache.DefaultCacheAwareContextLoaderDelegate - Retrieved ApplicationContext [1449504752] from cache with key [[MergedContextConfiguration@422994b1 testClass = TesteAlocacaoService, locations = '{}', classes = '{class com.example.folha.service.AlocacoesService}', contextInitializerClasses = '[]', activeProfiles = '{}', propertySourceLocations = '{}', propertySourceProperties = '{}', contextCustomizers = set[org.springframework.boot.test.autoconfigure.actuate.metrics.MetricsExportContextCustomizerFactory$DisableMetricExportContextCustomizer@449452b5, org.springframework.boot.test.autoconfigure.properties.PropertyMappingContextCustomizer@0, org.springframework.boot.test.autoconfigure.web.servlet.WebDriverContextCustomizerFactory$Customizer@65e3693e, org.springframework.boot.test.context.filter.ExcludeFilterContextCustomizer@71339b42, org.springframework.boot.test.json.DuplicateJsonObjectContextCustomizerFactory$DuplicateJsonObjectContextCustomizer@1ab4ba4c, org.springframework.boot.test.mock.mockito.MockitoContextCustomizer@eb34a6b8], contextLoader = 'org.springframework.test.context.support.DelegatingSmartContextLoader', parent = [null]]]
21:15:18.226 [Test worker] DEBUG org.springframework.test.context.cache - Spring test ApplicationContext cache statistics: [DefaultContextCache@2f86b823 size = 1, maxSize = 32, parentContextCount = 0, hitCount = 12, missCount = 1]
21:15:18.226 [Test worker] DEBUG org.springframework.test.context.support.AbstractDirtiesContextTestExecutionListener - After test class: context [DefaultTestContext@68032e94 testClass = TesteAlocacaoService, testInstance = [null], testMethod = [null], testException = [null], mergedContextConfiguration = [MergedContextConfiguration@422994b1 testClass = TesteAlocacaoService, locations = '{}', classes = '{class com.example.folha.service.AlocacoesService}', contextInitializerClasses = '[]', activeProfiles = '{}', propertySourceLocations = '{}', propertySourceProperties = '{}', contextCustomizers = set[org.springframework.boot.test.autoconfigure.actuate.metrics.MetricsExportContextCustomizerFactory$DisableMetricExportContextCustomizer@449452b5, org.springframework.boot.test.autoconfigure.properties.PropertyMappingContextCustomizer@0, org.springframework.boot.test.autoconfigure.web.servlet.WebDriverContextCustomizerFactory$Customizer@65e3693e, org.springframework.boot.test.context.filter.ExcludeFilterContextCustomizer@71339b42, org.springframework.boot.test.json.DuplicateJsonObjectContextCustomizerFactory$DuplicateJsonObjectContextCustomizer@1ab4ba4c, org.springframework.boot.test.mock.mockito.MockitoContextCustomizer@eb34a6b8], contextLoader = 'org.springframework.test.context.support.DelegatingSmartContextLoader', parent = [null]], attributes = map['org.springframework.test.context.event.ApplicationEventsTestExecutionListener.recordApplicationEvents' -> false]], class annotated with @DirtiesContext [false] with mode [null].
]]></system-out>
  <system-err><![CDATA[]]></system-err>
</testsuite>
